Arguments: 
  /usr/local/bin/node /usr/local/bin/yarn init

PATH: 
  /Library/Frameworks/Python.framework/Versions/3.6/bin:/Library/Frameworks/Python.framework/Versions/3.6/bin:/usr/local/bin:/usr/bin:/bin:/usr/sbin:/sbin:/opt/X11/bin

Yarn version: 
  1.7.0

Node version: 
  8.11.2

Platform: 
  darwin x64

Trace: 
  Error: canceled
      at Interface.<anonymous> (/usr/local/lib/node_modules/yarn/lib/cli.js:131036:13)
      at emitNone (events.js:106:13)
      at Interface.emit (events.js:208:7)
      at Interface._ttyWrite (readline.js:774:16)
      at ReadStream.onkeypress (readline.js:158:10)
      at emitTwo (events.js:126:13)
      at ReadStream.emit (events.js:214:7)
      at emitKeys (internal/readline.js:420:14)
      at emitKeys.next (<anonymous>)
      at ReadStream.onData (readline.js:1010:36)

npm manifest: 
  {
    "name": "contact_npm",
    "version": "1.0.0",
    "description": "1",
    "main": "index.js",
    "repository": "https://github.com/itarin",
    "author": "ivan tarin",
    "license": "C",
    "private": null
  }

yarn manifest: 
  No manifest

Lockfile: 
  No lockfile
